2020-10-12 12:17:05,669 [24] ERROR Helpers.LogHelper - Exception Msg: Value cannot be null. (Parameter 'key')
2020-10-12 12:17:05,994 [24] ERROR Helpers.LogHelper - Exception StackTrace:    at System.Collections.Generic.Dictionary`2.FindEntry(TKey key)
   at System.Collections.Generic.Dictionary`2.get_Item(TKey key)
   at EmiratesAuctionChateBot.Controllers.ChatBotController.ChatBot(Object data) in D:\Work\EAuction\Git\EAChatBot\EmiratesAuctionChateBot\EmiratesAuctionChateBot\Controllers\ChatBotController.cs:line 197
2020-10-12 13:19:20,584 [6] ERROR Helpers.LogHelper - Exception Msg: 'T' is an invalid start of a value. Path: $ | LineNumber: 0 | BytePositionInLine: 0.
2020-10-12 13:19:20,618 [6] ERROR Helpers.LogHelper - Exception StackTrace:    at System.Text.Json.ThrowHelper.ReThrowWithPath(ReadStack& readStack, JsonReaderException ex)
   at System.Text.Json.JsonSerializer.ReadCore(JsonSerializerOptions options, Utf8JsonReader& reader, ReadStack& readStack)
   at System.Text.Json.JsonSerializer.ReadCore(Type returnType, JsonSerializerOptions options, Utf8JsonReader& reader)
   at System.Text.Json.JsonSerializer.Deserialize(String json, Type returnType, JsonSerializerOptions options)
   at System.Text.Json.JsonSerializer.Deserialize[TValue](String json, JsonSerializerOptions options)
   at EmiratesAuctionChateBot.Controllers.ChatBotController.ChatBot(String authToken, String auctionId, String phone, Boolean firstCall, Boolean isEnd) in E:\chatBot\EAChatBot\EmiratesAuctionChateBot\EmiratesAuctionChateBot\Controllers\ChatBotController.cs:line 84
2020-10-12 13:19:20,619 [6] ERROR Helpers.LogHelper - Exception Msg: 'T' is an invalid start of a value. LineNumber: 0 | BytePositionInLine: 0.
2020-10-12 13:19:20,619 [6] ERROR Helpers.LogHelper - Exception StackTrace:    at System.Text.Json.ThrowHelper.ThrowJsonReaderException(Utf8JsonReader& json, ExceptionResource resource, Byte nextByte, ReadOnlySpan`1 bytes)
   at System.Text.Json.Utf8JsonReader.ConsumeValue(Byte marker)
   at System.Text.Json.Utf8JsonReader.ReadFirstToken(Byte first)
   at System.Text.Json.Utf8JsonReader.ReadSingleSegment()
   at System.Text.Json.Utf8JsonReader.Read()
   at System.Text.Json.JsonSerializer.ReadCore(JsonSerializerOptions options, Utf8JsonReader& reader, ReadStack& readStack)
2020-10-12 13:21:09,663 [27] ERROR Helpers.LogHelper - Exception Msg: 'T' is an invalid start of a value. Path: $ | LineNumber: 0 | BytePositionInLine: 0.
2020-10-12 13:21:09,663 [27] ERROR Helpers.LogHelper - Exception StackTrace:    at System.Text.Json.ThrowHelper.ReThrowWithPath(ReadStack& readStack, JsonReaderException ex)
   at System.Text.Json.JsonSerializer.ReadCore(JsonSerializerOptions options, Utf8JsonReader& reader, ReadStack& readStack)
   at System.Text.Json.JsonSerializer.ReadCore(Type returnType, JsonSerializerOptions options, Utf8JsonReader& reader)
   at System.Text.Json.JsonSerializer.Deserialize(String json, Type returnType, JsonSerializerOptions options)
   at System.Text.Json.JsonSerializer.Deserialize[TValue](String json, JsonSerializerOptions options)
   at EmiratesAuctionChateBot.Controllers.ChatBotController.ChatBot(String authToken, String auctionId, String phone, Boolean firstCall, Boolean isEnd) in E:\chatBot\EAChatBot\EmiratesAuctionChateBot\EmiratesAuctionChateBot\Controllers\ChatBotController.cs:line 84
2020-10-12 13:21:09,663 [27] ERROR Helpers.LogHelper - Exception Msg: 'T' is an invalid start of a value. LineNumber: 0 | BytePositionInLine: 0.
2020-10-12 13:21:09,663 [27] ERROR Helpers.LogHelper - Exception StackTrace:    at System.Text.Json.ThrowHelper.ThrowJsonReaderException(Utf8JsonReader& json, ExceptionResource resource, Byte nextByte, ReadOnlySpan`1 bytes)
   at System.Text.Json.Utf8JsonReader.ConsumeValue(Byte marker)
   at System.Text.Json.Utf8JsonReader.ReadFirstToken(Byte first)
   at System.Text.Json.Utf8JsonReader.ReadSingleSegment()
   at System.Text.Json.Utf8JsonReader.Read()
   at System.Text.Json.JsonSerializer.ReadCore(JsonSerializerOptions options, Utf8JsonReader& reader, ReadStack& readStack)
2020-10-12 13:21:39,283 [30] ERROR Helpers.LogHelper - Exception Msg: 'T' is an invalid start of a value. Path: $ | LineNumber: 0 | BytePositionInLine: 0.
2020-10-12 13:21:39,283 [30] ERROR Helpers.LogHelper - Exception StackTrace:    at System.Text.Json.ThrowHelper.ReThrowWithPath(ReadStack& readStack, JsonReaderException ex)
   at System.Text.Json.JsonSerializer.ReadCore(JsonSerializerOptions options, Utf8JsonReader& reader, ReadStack& readStack)
   at System.Text.Json.JsonSerializer.ReadCore(Type returnType, JsonSerializerOptions options, Utf8JsonReader& reader)
   at System.Text.Json.JsonSerializer.Deserialize(String json, Type returnType, JsonSerializerOptions options)
   at System.Text.Json.JsonSerializer.Deserialize[TValue](String json, JsonSerializerOptions options)
   at EmiratesAuctionChateBot.Controllers.ChatBotController.ChatBot(String authToken, String auctionId, String phone, Boolean firstCall, Boolean isEnd) in E:\chatBot\EAChatBot\EmiratesAuctionChateBot\EmiratesAuctionChateBot\Controllers\ChatBotController.cs:line 84
2020-10-12 13:21:39,283 [30] ERROR Helpers.LogHelper - Exception Msg: 'T' is an invalid start of a value. LineNumber: 0 | BytePositionInLine: 0.
2020-10-12 13:21:39,283 [30] ERROR Helpers.LogHelper - Exception StackTrace:    at System.Text.Json.ThrowHelper.ThrowJsonReaderException(Utf8JsonReader& json, ExceptionResource resource, Byte nextByte, ReadOnlySpan`1 bytes)
   at System.Text.Json.Utf8JsonReader.ConsumeValue(Byte marker)
   at System.Text.Json.Utf8JsonReader.ReadFirstToken(Byte first)
   at System.Text.Json.Utf8JsonReader.ReadSingleSegment()
   at System.Text.Json.Utf8JsonReader.Read()
   at System.Text.Json.JsonSerializer.ReadCore(JsonSerializerOptions options, Utf8JsonReader& reader, ReadStack& readStack)
2020-10-12 13:22:02,997 [37] ERROR Helpers.LogHelper - Exception Msg: 'T' is an invalid start of a value. Path: $ | LineNumber: 0 | BytePositionInLine: 0.
2020-10-12 13:22:02,997 [37] ERROR Helpers.LogHelper - Exception StackTrace:    at System.Text.Json.ThrowHelper.ReThrowWithPath(ReadStack& readStack, JsonReaderException ex)
   at System.Text.Json.JsonSerializer.ReadCore(JsonSerializerOptions options, Utf8JsonReader& reader, ReadStack& readStack)
   at System.Text.Json.JsonSerializer.ReadCore(Type returnType, JsonSerializerOptions options, Utf8JsonReader& reader)
   at System.Text.Json.JsonSerializer.Deserialize(String json, Type returnType, JsonSerializerOptions options)
   at System.Text.Json.JsonSerializer.Deserialize[TValue](String json, JsonSerializerOptions options)
   at EmiratesAuctionChateBot.Controllers.ChatBotController.ChatBot(String authToken, String auctionId, String phone, Boolean firstCall, Boolean isEnd) in E:\chatBot\EAChatBot\EmiratesAuctionChateBot\EmiratesAuctionChateBot\Controllers\ChatBotController.cs:line 84
2020-10-12 13:22:02,998 [37] ERROR Helpers.LogHelper - Exception Msg: 'T' is an invalid start of a value. LineNumber: 0 | BytePositionInLine: 0.
2020-10-12 13:22:02,998 [37] ERROR Helpers.LogHelper - Exception StackTrace:    at System.Text.Json.ThrowHelper.ThrowJsonReaderException(Utf8JsonReader& json, ExceptionResource resource, Byte nextByte, ReadOnlySpan`1 bytes)
   at System.Text.Json.Utf8JsonReader.ConsumeValue(Byte marker)
   at System.Text.Json.Utf8JsonReader.ReadFirstToken(Byte first)
   at System.Text.Json.Utf8JsonReader.ReadSingleSegment()
   at System.Text.Json.Utf8JsonReader.Read()
   at System.Text.Json.JsonSerializer.ReadCore(JsonSerializerOptions options, Utf8JsonReader& reader, ReadStack& readStack)
2020-10-12 13:26:35,735 [57] ERROR Helpers.LogHelper - Exception Msg: One or more errors occurred. (The API query failed with status code BadRequest: Bad Request | x-global-transaction-id: 62f04b43-c027-4921-a5fd-de03203571af | error: {"error":"Invalid Request Body","errors":[{"message":"text can not contain the following characters: tab, new line, carriage return.","path":"/input/text"}],"code":400}) (The API query failed with status code BadRequest: Bad Request | x-global-transaction-id: 62f04b43-c027-4921-a5fd-de03203571af | error: {"error":"Invalid Request Body","errors":[{"message":"text can not contain the following characters: tab, new line, carriage return.","path":"/input/text"}],"code":400})
2020-10-12 13:26:35,735 [57] ERROR Helpers.LogHelper - Exception StackTrace:    at IBM.Watson.Assistant.v2.AssistantService.Message(String assistantId, String sessionId, MessageInput input, MessageContext context)
   at EmiratesAuctionChateBot.Helpers.WatsonHelper.Consume(String phone, String Text, Boolean isStart, Boolean isNormalChat) in E:\chatBot\EAChatBot\EmiratesAuctionChateBot\EmiratesAuctionChateBot\Helpers\WatsonHelper.cs:line 72
   at EmiratesAuctionChateBot.Controllers.ChatBotController.ChatBot(Object data) in E:\chatBot\EAChatBot\EmiratesAuctionChateBot\EmiratesAuctionChateBot\Controllers\ChatBotController.cs:line 235
2020-10-12 13:26:35,736 [57] ERROR Helpers.LogHelper - Exception Msg: The API query failed with status code BadRequest: Bad Request | x-global-transaction-id: 62f04b43-c027-4921-a5fd-de03203571af | error: {"error":"Invalid Request Body","errors":[{"message":"text can not contain the following characters: tab, new line, carriage return.","path":"/input/text"}],"code":400}
2020-10-12 13:26:35,736 [57] ERROR Helpers.LogHelper - Exception StackTrace:    at IBM.Cloud.SDK.Core.Http.Filters.ErrorFilter.OnResponse(IResponse response, HttpResponseMessage responseMessage)
   at IBM.Cloud.SDK.Core.Http.Request.GetResponse(Task`1 request)
   at IBM.Cloud.SDK.Core.Http.Request.AsMessage()
   at IBM.Cloud.SDK.Core.Http.Request.As[T]()
2020-10-12 13:28:48,873 [64] ERROR Helpers.LogHelper - Exception Msg: One or more errors occurred. (The API query failed with status code BadRequest: Bad Request | x-global-transaction-id: 7bdd0f17-ae48-48cc-9d18-ad16a9d98001 | error: {"error":"Invalid Request Body","errors":[{"message":"text can not contain the following characters: tab, new line, carriage return.","path":"/input/text"}],"code":400}) (The API query failed with status code BadRequest: Bad Request | x-global-transaction-id: 7bdd0f17-ae48-48cc-9d18-ad16a9d98001 | error: {"error":"Invalid Request Body","errors":[{"message":"text can not contain the following characters: tab, new line, carriage return.","path":"/input/text"}],"code":400})
2020-10-12 13:28:48,873 [64] ERROR Helpers.LogHelper - Exception StackTrace:    at IBM.Watson.Assistant.v2.AssistantService.Message(String assistantId, String sessionId, MessageInput input, MessageContext context)
   at EmiratesAuctionChateBot.Helpers.WatsonHelper.Consume(String phone, String Text, Boolean isStart, Boolean isNormalChat) in E:\chatBot\EAChatBot\EmiratesAuctionChateBot\EmiratesAuctionChateBot\Helpers\WatsonHelper.cs:line 72
   at EmiratesAuctionChateBot.Controllers.ChatBotController.ChatBot(Object data) in E:\chatBot\EAChatBot\EmiratesAuctionChateBot\EmiratesAuctionChateBot\Controllers\ChatBotController.cs:line 235
2020-10-12 13:28:48,874 [64] ERROR Helpers.LogHelper - Exception Msg: The API query failed with status code BadRequest: Bad Request | x-global-transaction-id: 7bdd0f17-ae48-48cc-9d18-ad16a9d98001 | error: {"error":"Invalid Request Body","errors":[{"message":"text can not contain the following characters: tab, new line, carriage return.","path":"/input/text"}],"code":400}
2020-10-12 13:28:48,874 [64] ERROR Helpers.LogHelper - Exception StackTrace:    at IBM.Cloud.SDK.Core.Http.Filters.ErrorFilter.OnResponse(IResponse response, HttpResponseMessage responseMessage)
   at IBM.Cloud.SDK.Core.Http.Request.GetResponse(Task`1 request)
   at IBM.Cloud.SDK.Core.Http.Request.AsMessage()
   at IBM.Cloud.SDK.Core.Http.Request.As[T]()
2020-10-12 13:35:49,604 [19] ERROR Helpers.LogHelper - Exception Msg: 'T' is an invalid start of a value. Path: $ | LineNumber: 0 | BytePositionInLine: 0.
2020-10-12 13:35:49,610 [19] ERROR Helpers.LogHelper - Exception StackTrace:    at System.Text.Json.ThrowHelper.ReThrowWithPath(ReadStack& readStack, JsonReaderException ex)
   at System.Text.Json.JsonSerializer.ReadCore(JsonSerializerOptions options, Utf8JsonReader& reader, ReadStack& readStack)
   at System.Text.Json.JsonSerializer.ReadCore(Type returnType, JsonSerializerOptions options, Utf8JsonReader& reader)
   at System.Text.Json.JsonSerializer.Deserialize(String json, Type returnType, JsonSerializerOptions options)
   at System.Text.Json.JsonSerializer.Deserialize[TValue](String json, JsonSerializerOptions options)
   at EmiratesAuctionChateBot.Controllers.ChatBotController.ChatBot(String authToken, String auctionId, String phone, Boolean firstCall, Boolean isEnd) in E:\chatBot\EAChatBot\EmiratesAuctionChateBot\EmiratesAuctionChateBot\Controllers\ChatBotController.cs:line 84
2020-10-12 13:35:49,611 [19] ERROR Helpers.LogHelper - Exception Msg: 'T' is an invalid start of a value. LineNumber: 0 | BytePositionInLine: 0.
2020-10-12 13:35:49,611 [19] ERROR Helpers.LogHelper - Exception StackTrace:    at System.Text.Json.ThrowHelper.ThrowJsonReaderException(Utf8JsonReader& json, ExceptionResource resource, Byte nextByte, ReadOnlySpan`1 bytes)
   at System.Text.Json.Utf8JsonReader.ConsumeValue(Byte marker)
   at System.Text.Json.Utf8JsonReader.ReadFirstToken(Byte first)
   at System.Text.Json.Utf8JsonReader.ReadSingleSegment()
   at System.Text.Json.Utf8JsonReader.Read()
   at System.Text.Json.JsonSerializer.ReadCore(JsonSerializerOptions options, Utf8JsonReader& reader, ReadStack& readStack)
2020-10-12 13:36:25,130 [24] ERROR Helpers.LogHelper - Exception Msg: 'T' is an invalid start of a value. Path: $ | LineNumber: 0 | BytePositionInLine: 0.
2020-10-12 13:36:25,130 [24] ERROR Helpers.LogHelper - Exception StackTrace:    at System.Text.Json.ThrowHelper.ReThrowWithPath(ReadStack& readStack, JsonReaderException ex)
   at System.Text.Json.JsonSerializer.ReadCore(JsonSerializerOptions options, Utf8JsonReader& reader, ReadStack& readStack)
   at System.Text.Json.JsonSerializer.ReadCore(Type returnType, JsonSerializerOptions options, Utf8JsonReader& reader)
   at System.Text.Json.JsonSerializer.Deserialize(String json, Type returnType, JsonSerializerOptions options)
   at System.Text.Json.JsonSerializer.Deserialize[TValue](String json, JsonSerializerOptions options)
   at EmiratesAuctionChateBot.Controllers.ChatBotController.ChatBot(String authToken, String auctionId, String phone, Boolean firstCall, Boolean isEnd) in E:\chatBot\EAChatBot\EmiratesAuctionChateBot\EmiratesAuctionChateBot\Controllers\ChatBotController.cs:line 84
2020-10-12 13:36:25,130 [24] ERROR Helpers.LogHelper - Exception Msg: 'T' is an invalid start of a value. LineNumber: 0 | BytePositionInLine: 0.
2020-10-12 13:36:25,130 [24] ERROR Helpers.LogHelper - Exception StackTrace:    at System.Text.Json.ThrowHelper.ThrowJsonReaderException(Utf8JsonReader& json, ExceptionResource resource, Byte nextByte, ReadOnlySpan`1 bytes)
   at System.Text.Json.Utf8JsonReader.ConsumeValue(Byte marker)
   at System.Text.Json.Utf8JsonReader.ReadFirstToken(Byte first)
   at System.Text.Json.Utf8JsonReader.ReadSingleSegment()
   at System.Text.Json.Utf8JsonReader.Read()
   at System.Text.Json.JsonSerializer.ReadCore(JsonSerializerOptions options, Utf8JsonReader& reader, ReadStack& readStack)
2020-10-12 13:37:41,466 [30] ERROR Helpers.LogHelper - Exception Msg: 'T' is an invalid start of a value. Path: $ | LineNumber: 0 | BytePositionInLine: 0.
2020-10-12 13:37:41,466 [30] ERROR Helpers.LogHelper - Exception StackTrace:    at System.Text.Json.ThrowHelper.ReThrowWithPath(ReadStack& readStack, JsonReaderException ex)
   at System.Text.Json.JsonSerializer.ReadCore(JsonSerializerOptions options, Utf8JsonReader& reader, ReadStack& readStack)
   at System.Text.Json.JsonSerializer.ReadCore(Type returnType, JsonSerializerOptions options, Utf8JsonReader& reader)
   at System.Text.Json.JsonSerializer.Deserialize(String json, Type returnType, JsonSerializerOptions options)
   at System.Text.Json.JsonSerializer.Deserialize[TValue](String json, JsonSerializerOptions options)
   at EmiratesAuctionChateBot.Controllers.ChatBotController.ChatBot(String authToken, String auctionId, String phone, Boolean firstCall, Boolean isEnd) in E:\chatBot\EAChatBot\EmiratesAuctionChateBot\EmiratesAuctionChateBot\Controllers\ChatBotController.cs:line 84
2020-10-12 13:37:41,467 [30] ERROR Helpers.LogHelper - Exception Msg: 'T' is an invalid start of a value. LineNumber: 0 | BytePositionInLine: 0.
2020-10-12 13:37:41,467 [30] ERROR Helpers.LogHelper - Exception StackTrace:    at System.Text.Json.ThrowHelper.ThrowJsonReaderException(Utf8JsonReader& json, ExceptionResource resource, Byte nextByte, ReadOnlySpan`1 bytes)
   at System.Text.Json.Utf8JsonReader.ConsumeValue(Byte marker)
   at System.Text.Json.Utf8JsonReader.ReadFirstToken(Byte first)
   at System.Text.Json.Utf8JsonReader.ReadSingleSegment()
   at System.Text.Json.Utf8JsonReader.Read()
   at System.Text.Json.JsonSerializer.ReadCore(JsonSerializerOptions options, Utf8JsonReader& reader, ReadStack& readStack)
2020-10-12 14:07:17,206 [20] ERROR Helpers.LogHelper - Exception Msg: '<' is an invalid start of a value. Path: $ | LineNumber: 0 | BytePositionInLine: 0.
2020-10-12 14:07:17,214 [20] ERROR Helpers.LogHelper - Exception StackTrace:    at System.Text.Json.ThrowHelper.ReThrowWithPath(ReadStack& readStack, JsonReaderException ex)
   at System.Text.Json.JsonSerializer.ReadCore(JsonSerializerOptions options, Utf8JsonReader& reader, ReadStack& readStack)
   at System.Text.Json.JsonSerializer.ReadCore(Type returnType, JsonSerializerOptions options, Utf8JsonReader& reader)
   at System.Text.Json.JsonSerializer.Deserialize(String json, Type returnType, JsonSerializerOptions options)
   at System.Text.Json.JsonSerializer.Deserialize[TValue](String json, JsonSerializerOptions options)
   at EmiratesAuctionChateBot.Controllers.ChatBotController.ChatBot(String authToken, String auctionId, String phone, Boolean firstCall, Boolean isEnd) in E:\chatBot\EAChatBot\EmiratesAuctionChateBot\EmiratesAuctionChateBot\Controllers\ChatBotController.cs:line 84
2020-10-12 14:07:17,215 [20] ERROR Helpers.LogHelper - Exception Msg: '<' is an invalid start of a value. LineNumber: 0 | BytePositionInLine: 0.
2020-10-12 14:07:17,215 [20] ERROR Helpers.LogHelper - Exception StackTrace:    at System.Text.Json.ThrowHelper.ThrowJsonReaderException(Utf8JsonReader& json, ExceptionResource resource, Byte nextByte, ReadOnlySpan`1 bytes)
   at System.Text.Json.Utf8JsonReader.ConsumeValue(Byte marker)
   at System.Text.Json.Utf8JsonReader.ReadFirstToken(Byte first)
   at System.Text.Json.Utf8JsonReader.ReadSingleSegment()
   at System.Text.Json.Utf8JsonReader.Read()
   at System.Text.Json.JsonSerializer.ReadCore(JsonSerializerOptions options, Utf8JsonReader& reader, ReadStack& readStack)
2020-10-12 14:07:57,504 [25] ERROR Helpers.LogHelper - Exception Msg: '<' is an invalid start of a value. Path: $ | LineNumber: 0 | BytePositionInLine: 0.
2020-10-12 14:07:57,505 [25] ERROR Helpers.LogHelper - Exception StackTrace:    at System.Text.Json.ThrowHelper.ReThrowWithPath(ReadStack& readStack, JsonReaderException ex)
   at System.Text.Json.JsonSerializer.ReadCore(JsonSerializerOptions options, Utf8JsonReader& reader, ReadStack& readStack)
   at System.Text.Json.JsonSerializer.ReadCore(Type returnType, JsonSerializerOptions options, Utf8JsonReader& reader)
   at System.Text.Json.JsonSerializer.Deserialize(String json, Type returnType, JsonSerializerOptions options)
   at System.Text.Json.JsonSerializer.Deserialize[TValue](String json, JsonSerializerOptions options)
   at EmiratesAuctionChateBot.Controllers.ChatBotController.ChatBot(String authToken, String auctionId, String phone, Boolean firstCall, Boolean isEnd) in E:\chatBot\EAChatBot\EmiratesAuctionChateBot\EmiratesAuctionChateBot\Controllers\ChatBotController.cs:line 84
2020-10-12 14:07:57,506 [25] ERROR Helpers.LogHelper - Exception Msg: '<' is an invalid start of a value. LineNumber: 0 | BytePositionInLine: 0.
2020-10-12 14:07:57,506 [25] ERROR Helpers.LogHelper - Exception StackTrace:    at System.Text.Json.ThrowHelper.ThrowJsonReaderException(Utf8JsonReader& json, ExceptionResource resource, Byte nextByte, ReadOnlySpan`1 bytes)
   at System.Text.Json.Utf8JsonReader.ConsumeValue(Byte marker)
   at System.Text.Json.Utf8JsonReader.ReadFirstToken(Byte first)
   at System.Text.Json.Utf8JsonReader.ReadSingleSegment()
   at System.Text.Json.Utf8JsonReader.Read()
   at System.Text.Json.JsonSerializer.ReadCore(JsonSerializerOptions options, Utf8JsonReader& reader, ReadStack& readStack)
2020-10-12 14:15:51,463 [17] ERROR Helpers.LogHelper - Exception Msg: The given key '201004953479' was not present in the dictionary.
2020-10-12 14:15:51,469 [17] ERROR Helpers.LogHelper - Exception StackTrace:    at System.Collections.Generic.Dictionary`2.get_Item(TKey key)
   at EmiratesAuctionChateBot.Controllers.ChatBotController.ChatBot(Object data) in E:\chatBot\EAChatBot\EmiratesAuctionChateBot\EmiratesAuctionChateBot\Controllers\ChatBotController.cs:line 197
2020-10-12 14:16:18,184 [22] ERROR Helpers.LogHelper - Exception Msg: The given key '201004953479' was not present in the dictionary.
2020-10-12 14:16:18,185 [22] ERROR Helpers.LogHelper - Exception StackTrace:    at System.Collections.Generic.Dictionary`2.get_Item(TKey key)
   at EmiratesAuctionChateBot.Controllers.ChatBotController.ChatBot(Object data) in E:\chatBot\EAChatBot\EmiratesAuctionChateBot\EmiratesAuctionChateBot\Controllers\ChatBotController.cs:line 217
2020-10-12 14:16:32,277 [23] ERROR Helpers.LogHelper - Exception Msg: The given key '201004953479' was not present in the dictionary.
2020-10-12 14:16:32,277 [23] ERROR Helpers.LogHelper - Exception StackTrace:    at System.Collections.Generic.Dictionary`2.get_Item(TKey key)
   at EmiratesAuctionChateBot.Controllers.ChatBotController.ChatBot(Object data) in E:\chatBot\EAChatBot\EmiratesAuctionChateBot\EmiratesAuctionChateBot\Controllers\ChatBotController.cs:line 217
2020-10-12 14:16:47,973 [24] ERROR Helpers.LogHelper - Exception Msg: The given key '201004953479' was not present in the dictionary.
2020-10-12 14:16:47,973 [24] ERROR Helpers.LogHelper - Exception StackTrace:    at System.Collections.Generic.Dictionary`2.get_Item(TKey key)
   at EmiratesAuctionChateBot.Controllers.ChatBotController.ChatBot(Object data) in E:\chatBot\EAChatBot\EmiratesAuctionChateBot\EmiratesAuctionChateBot\Controllers\ChatBotController.cs:line 217
2020-10-12 14:16:48,089 [22] ERROR Helpers.LogHelper - Exception Msg: The given key '201004953479' was not present in the dictionary.
2020-10-12 14:16:48,089 [22] ERROR Helpers.LogHelper - Exception StackTrace:    at System.Collections.Generic.Dictionary`2.get_Item(TKey key)
   at EmiratesAuctionChateBot.Controllers.ChatBotController.ChatBot(Object data) in E:\chatBot\EAChatBot\EmiratesAuctionChateBot\EmiratesAuctionChateBot\Controllers\ChatBotController.cs:line 217
2020-10-12 14:17:59,334 [28] ERROR Helpers.LogHelper - Exception Msg: The given key '201004953479' was not present in the dictionary.
2020-10-12 14:17:59,335 [28] ERROR Helpers.LogHelper - Exception StackTrace:    at System.Collections.Generic.Dictionary`2.get_Item(TKey key)
   at EmiratesAuctionChateBot.Controllers.ChatBotController.ChatBot(Object data) in E:\chatBot\EAChatBot\EmiratesAuctionChateBot\EmiratesAuctionChateBot\Controllers\ChatBotController.cs:line 217
2020-10-12 14:18:52,979 [31] ERROR Helpers.LogHelper - Exception Msg: The given key '201129551310' was not present in the dictionary.
2020-10-12 14:18:52,980 [31] ERROR Helpers.LogHelper - Exception StackTrace:    at System.Collections.Generic.Dictionary`2.get_Item(TKey key)
   at EmiratesAuctionChateBot.Controllers.ChatBotController.ChatBot(Object data) in E:\chatBot\EAChatBot\EmiratesAuctionChateBot\EmiratesAuctionChateBot\Controllers\ChatBotController.cs:line 197
2020-10-12 14:18:57,047 [32] ERROR Helpers.LogHelper - Exception Msg: The given key '201129551310' was not present in the dictionary.
2020-10-12 14:18:57,047 [32] ERROR Helpers.LogHelper - Exception StackTrace:    at System.Collections.Generic.Dictionary`2.get_Item(TKey key)
   at EmiratesAuctionChateBot.Controllers.ChatBotController.ChatBot(Object data) in E:\chatBot\EAChatBot\EmiratesAuctionChateBot\EmiratesAuctionChateBot\Controllers\ChatBotController.cs:line 217
2020-10-12 14:53:56,964 [21] ERROR Helpers.LogHelper - Exception Msg: The given key '201285416464' was not present in the dictionary.
2020-10-12 14:53:56,971 [21] ERROR Helpers.LogHelper - Exception StackTrace:    at System.Collections.Generic.Dictionary`2.get_Item(TKey key)
   at EmiratesAuctionChateBot.Controllers.ChatBotController.ChatBot(Object data) in E:\chatBot\EAChatBot\EmiratesAuctionChateBot\EmiratesAuctionChateBot\Controllers\ChatBotController.cs:line 220
2020-10-12 15:01:04,027 [20] ERROR Helpers.LogHelper - Exception Msg: The given key '201285416464' was not present in the dictionary.
2020-10-12 15:01:04,033 [20] ERROR Helpers.LogHelper - Exception StackTrace:    at System.Collections.Generic.Dictionary`2.get_Item(TKey key)
   at EmiratesAuctionChateBot.Controllers.ChatBotController.ChatBot(Object data) in E:\chatBot\EAChatBot\EmiratesAuctionChateBot\EmiratesAuctionChateBot\Controllers\ChatBotController.cs:line 221
2020-10-12 15:16:21,955 [44] ERROR Helpers.LogHelper - Exception Msg: One or more errors occurred. (A task was canceled.)
2020-10-12 15:16:21,962 [44] ERROR Helpers.LogHelper - Exception StackTrace:    at System.Threading.Tasks.Task.ThrowIfExceptional(Boolean includeTaskCanceledExceptions)
   at System.Threading.Tasks.Task`1.GetResultCore(Boolean waitCompletionNotification)
   at Helpers.WebClientHelper.Consume(String baseurl, HttpMethod method, String relativeUrl, HttpContent content, String jsonObj, String lang, String basicAuthUser, String basicAuthPassword) in E:\chatBot\EAChatBot\EmiratesAuctionChateBot\Helpers\WebClientHelper.cs:line 45
2020-10-12 15:16:21,962 [44] ERROR Helpers.LogHelper - Exception Msg: A task was canceled.
2020-10-12 15:16:21,962 [44] ERROR Helpers.LogHelper - Exception StackTrace: 
2020-10-12 15:16:50,108 [44] ERROR Helpers.LogHelper - Exception Msg: One or more errors occurred. (A task was canceled.)
2020-10-12 15:16:50,108 [44] ERROR Helpers.LogHelper - Exception StackTrace:    at Helpers.WebClientHelper.Consume(String baseurl, HttpMethod method, String relativeUrl, HttpContent content, String jsonObj, String lang, String basicAuthUser, String basicAuthPassword) in E:\chatBot\EAChatBot\EmiratesAuctionChateBot\Helpers\WebClientHelper.cs:line 50
   at EmiratesAuctionChateBot.Controllers.ChatBotController.ChatBot(Object data) in E:\chatBot\EAChatBot\EmiratesAuctionChateBot\EmiratesAuctionChateBot\Controllers\ChatBotController.cs:line 355
2020-10-12 15:16:50,108 [44] ERROR Helpers.LogHelper - Exception Msg: A task was canceled.
2020-10-12 15:16:50,108 [44] ERROR Helpers.LogHelper - Exception StackTrace: 
2020-10-12 15:16:50,132 [59] ERROR Helpers.LogHelper - Exception Msg: One or more errors occurred. (Error while copying content to a stream.)
2020-10-12 15:16:50,132 [59] ERROR Helpers.LogHelper - Exception StackTrace:    at System.Threading.Tasks.Task`1.GetResultCore(Boolean waitCompletionNotification)
   at Helpers.WebClientHelper.Consume(String baseurl, HttpMethod method, String relativeUrl, HttpContent content, String jsonObj, String lang, String basicAuthUser, String basicAuthPassword) in E:\chatBot\EAChatBot\EmiratesAuctionChateBot\Helpers\WebClientHelper.cs:line 45
2020-10-12 15:16:50,133 [59] ERROR Helpers.LogHelper - Exception Msg: Error while copying content to a stream.
2020-10-12 15:16:50,133 [59] ERROR Helpers.LogHelper - Exception StackTrace:    at System.Net.Http.HttpContent.LoadIntoBufferAsyncCore(Task serializeToStreamTask, MemoryStream tempBuffer)
   at System.Net.Http.HttpClient.FinishSendAsyncBuffered(Task`1 sendTask, HttpRequestMessage request, CancellationTokenSource cts, Boolean disposeCts)
2020-10-12 15:16:50,133 [59] ERROR Helpers.LogHelper - Exception Msg: The response ended prematurely.
2020-10-12 15:16:50,133 [59] ERROR Helpers.LogHelper - Exception StackTrace:    at System.Net.Http.HttpConnection.FillAsync()
   at System.Net.Http.HttpConnection.CopyToContentLengthAsync(Stream destination, UInt64 length, Int32 bufferSize, CancellationToken cancellationToken)
   at System.Net.Http.HttpConnection.ContentLengthReadStream.CompleteCopyToAsync(Task copyTask, CancellationToken cancellationToken)
   at System.Net.Http.HttpConnectionResponseContent.SerializeToStreamAsync(Stream stream, TransportContext context, CancellationToken cancellationToken)
   at System.Net.Http.HttpContent.LoadIntoBufferAsyncCore(Task serializeToStreamTask, MemoryStream tempBuffer)
2020-10-12 15:18:52,023 [59] ERROR Helpers.LogHelper - Exception Msg: One or more errors occurred. (Error while copying content to a stream.)
2020-10-12 15:18:52,024 [59] ERROR Helpers.LogHelper - Exception StackTrace:    at Helpers.WebClientHelper.Consume(String baseurl, HttpMethod method, String relativeUrl, HttpContent content, String jsonObj, String lang, String basicAuthUser, String basicAuthPassword) in E:\chatBot\EAChatBot\EmiratesAuctionChateBot\Helpers\WebClientHelper.cs:line 50
   at EmiratesAuctionChateBot.Controllers.ChatBotController.ChatBot(Object data) in E:\chatBot\EAChatBot\EmiratesAuctionChateBot\EmiratesAuctionChateBot\Controllers\ChatBotController.cs:line 355
2020-10-12 15:18:52,024 [59] ERROR Helpers.LogHelper - Exception Msg: Error while copying content to a stream.
2020-10-12 15:18:52,024 [59] ERROR Helpers.LogHelper - Exception StackTrace:    at System.Net.Http.HttpContent.LoadIntoBufferAsyncCore(Task serializeToStreamTask, MemoryStream tempBuffer)
   at System.Net.Http.HttpClient.FinishSendAsyncBuffered(Task`1 sendTask, HttpRequestMessage request, CancellationTokenSource cts, Boolean disposeCts)
2020-10-12 15:18:52,024 [59] ERROR Helpers.LogHelper - Exception Msg: The response ended prematurely.
2020-10-12 15:18:52,024 [59] ERROR Helpers.LogHelper - Exception StackTrace:    at System.Net.Http.HttpConnection.FillAsync()
   at System.Net.Http.HttpConnection.CopyToContentLengthAsync(Stream destination, UInt64 length, Int32 bufferSize, CancellationToken cancellationToken)
   at System.Net.Http.HttpConnection.ContentLengthReadStream.CompleteCopyToAsync(Task copyTask, CancellationToken cancellationToken)
   at System.Net.Http.HttpConnectionResponseContent.SerializeToStreamAsync(Stream stream, TransportContext context, CancellationToken cancellationToken)
   at System.Net.Http.HttpContent.LoadIntoBufferAsyncCore(Task serializeToStreamTask, MemoryStream tempBuffer)
2020-10-12 16:35:03,311 [29] ERROR Helpers.LogHelper - Exception Msg: Login failed for user 'ARABIANSYSTEMS\a.thabet'.
2020-10-12 16:35:03,319 [29] ERROR Helpers.LogHelper - Exception StackTrace:    at Microsoft.Data.SqlClient.SqlInternalConnection.OnError(SqlException exception, Boolean breakConnection, Action`1 wrapCloseInAction)
   at Microsoft.Data.SqlClient.TdsParser.ThrowExceptionAndWarning(TdsParserStateObject stateObj, Boolean callerHasConnectionLock, Boolean asyncClose)
   at Microsoft.Data.SqlClient.TdsParser.TryRun(RunBehavior runBehavior, SqlCommand cmdHandler, SqlDataReader dataStream, BulkCopySimpleResultSet bulkCopyHandler, TdsParserStateObject stateObj, Boolean& dataReady)
   at Microsoft.Data.SqlClient.TdsParser.Run(RunBehavior runBehavior, SqlCommand cmdHandler, SqlDataReader dataStream, BulkCopySimpleResultSet bulkCopyHandler, TdsParserStateObject stateObj)
   at Microsoft.Data.SqlClient.SqlInternalConnectionTds.CompleteLogin(Boolean enlistOK)
   at Microsoft.Data.SqlClient.SqlInternalConnectionTds.AttemptOneLogin(ServerInfo serverInfo, String newPassword, SecureString newSecurePassword, Boolean ignoreSniOpenTimeout, TimeoutTimer timeout, Boolean withFailover)
   at Microsoft.Data.SqlClient.SqlInternalConnectionTds.LoginNoFailover(ServerInfo serverInfo, String newPassword, SecureString newSecurePassword, Boolean redirectedUserInstance, SqlConnectionString connectionOptions, SqlCredential credential, TimeoutTimer timeout)
   at Microsoft.Data.SqlClient.SqlInternalConnectionTds.OpenLoginEnlist(TimeoutTimer timeout, SqlConnectionString connectionOptions, SqlCredential credential, String newPassword, SecureString newSecurePassword, Boolean redirectedUserInstance)
   at Microsoft.Data.SqlClient.SqlInternalConnectionTds..ctor(DbConnectionPoolIdentity identity, SqlConnectionString connectionOptions, SqlCredential credential, Object providerInfo, String newPassword, SecureString newSecurePassword, Boolean redirectedUserInstance, SqlConnectionString userConnectionOptions, SessionData reconnectSessionData, Boolean applyTransientFaultHandling, String accessToken, DbConnectionPool pool, SqlAuthenticationProviderManager sqlAuthProviderManager)
   at Microsoft.Data.SqlClient.SqlConnectionFactory.CreateConnection(DbConnectionOptions options, DbConnectionPoolKey poolKey, Object poolGroupProviderInfo, DbConnectionPool pool, DbConnection owningConnection, DbConnectionOptions userOptions)
   at Microsoft.Data.ProviderBase.DbConnectionFactory.CreatePooledConnection(DbConnectionPool pool, DbConnection owningObject, DbConnectionOptions options, DbConnectionPoolKey poolKey, DbConnectionOptions userOptions)
   at Microsoft.Data.ProviderBase.DbConnectionPool.CreateObject(DbConnection owningObject, DbConnectionOptions userOptions, DbConnectionInternal oldConnection)
   at Microsoft.Data.ProviderBase.DbConnectionPool.UserCreateRequest(DbConnection owningObject, DbConnectionOptions userOptions, DbConnectionInternal oldConnection)
   at Microsoft.Data.ProviderBase.DbConnectionPool.TryGetConnection(DbConnection owningObject, UInt32 waitForMultipleObjectsTimeout, Boolean allowCreate, Boolean onlyOneCheckConnection, DbConnectionOptions userOptions, DbConnectionInternal& connection)
   at Microsoft.Data.ProviderBase.DbConnectionPool.TryGetConnection(DbConnection owningObject, TaskCompletionSource`1 retry, DbConnectionOptions userOptions, DbConnectionInternal& connection)
   at Microsoft.Data.ProviderBase.DbConnectionFactory.TryGetConnection(DbConnection owningConnection, TaskCompletionSource`1 retry, DbConnectionOptions userOptions, DbConnectionInternal oldConnection, DbConnectionInternal& connection)
   at Microsoft.Data.ProviderBase.DbConnectionInternal.TryOpenConnectionInternal(DbConnection outerConnection, DbConnectionFactory connectionFactory, TaskCompletionSource`1 retry, DbConnectionOptions userOptions)
   at Microsoft.Data.ProviderBase.DbConnectionClosed.TryOpenConnection(DbConnection outerConnection, DbConnectionFactory connectionFactory, TaskCompletionSource`1 retry, DbConnectionOptions userOptions)
   at Microsoft.Data.SqlClient.SqlConnection.TryOpen(TaskCompletionSource`1 retry)
   at Microsoft.Data.SqlClient.SqlConnection.Open()
   at Microsoft.EntityFrameworkCore.Storage.RelationalConnection.OpenDbConnection(Boolean errorsExpected)
   at Microsoft.EntityFrameworkCore.Storage.RelationalConnection.Open(Boolean errorsExpected)
   at Microsoft.EntityFrameworkCore.Storage.RelationalCommand.ExecuteReader(RelationalCommandParameterObject parameterObject)
   at Microsoft.EntityFrameworkCore.Query.Internal.QueryingEnumerable`1.Enumerator.InitializeReader(DbContext _, Boolean result)
   at Microsoft.EntityFrameworkCore.SqlServer.Storage.Internal.SqlServerExecutionStrategy.Execute[TState,TResult](TState state, Func`3 operation, Func`3 verifySucceeded)
   at Microsoft.EntityFrameworkCore.Query.Internal.QueryingEnumerable`1.Enumerator.MoveNext()
   at System.Linq.Enumerable.SingleOrDefault[TSource](IEnumerable`1 source)
   at Microsoft.EntityFrameworkCore.Query.Internal.QueryCompiler.Execute[TResult](Expression query)
   at Microsoft.EntityFrameworkCore.Query.Internal.EntityQueryProvider.Execute[TResult](Expression expression)
   at System.Linq.Queryable.FirstOrDefault[TSource](IQueryable`1 source, Expression`1 predicate)
   at DAL.Repository.Repository`1.FirstOrDefault(Expression`1 predicate) in E:\chatBot\EAChatBot\EmiratesAuctionChateBot\DAL\Repository\Repository.cs:line 51
   at BL.Managers.SessionsManager.SetSession(String phone, String sessionId) in E:\chatBot\EAChatBot\EmiratesAuctionChateBot\BL\Managers\Sessions\SessionsManager.cs:line 57
2020-10-12 16:35:05,123 [29] ERROR Helpers.LogHelper - Exception Msg: Login failed for user 'ARABIANSYSTEMS\a.thabet'.
2020-10-12 16:35:05,124 [29] ERROR Helpers.LogHelper - Exception StackTrace:    at Microsoft.Data.ProviderBase.DbConnectionPool.TryGetConnection(DbConnection owningObject, UInt32 waitForMultipleObjectsTimeout, Boolean allowCreate, Boolean onlyOneCheckConnection, DbConnectionOptions userOptions, DbConnectionInternal& connection)
   at Microsoft.Data.ProviderBase.DbConnectionPool.TryGetConnection(DbConnection owningObject, TaskCompletionSource`1 retry, DbConnectionOptions userOptions, DbConnectionInternal& connection)
   at Microsoft.Data.ProviderBase.DbConnectionFactory.TryGetConnection(DbConnection owningConnection, TaskCompletionSource`1 retry, DbConnectionOptions userOptions, DbConnectionInternal oldConnection, DbConnectionInternal& connection)
   at Microsoft.Data.ProviderBase.DbConnectionInternal.TryOpenConnectionInternal(DbConnection outerConnection, DbConnectionFactory connectionFactory, TaskCompletionSource`1 retry, DbConnectionOptions userOptions)
   at Microsoft.Data.ProviderBase.DbConnectionClosed.TryOpenConnection(DbConnection outerConnection, DbConnectionFactory connectionFactory, TaskCompletionSource`1 retry, DbConnectionOptions userOptions)
   at Microsoft.Data.SqlClient.SqlConnection.TryOpen(TaskCompletionSource`1 retry)
   at Microsoft.Data.SqlClient.SqlConnection.Open()
   at Microsoft.EntityFrameworkCore.Storage.RelationalConnection.OpenDbConnection(Boolean errorsExpected)
   at Microsoft.EntityFrameworkCore.Storage.RelationalConnection.Open(Boolean errorsExpected)
   at Microsoft.EntityFrameworkCore.Storage.RelationalCommand.ExecuteReader(RelationalCommandParameterObject parameterObject)
   at Microsoft.EntityFrameworkCore.Query.Internal.QueryingEnumerable`1.Enumerator.InitializeReader(DbContext _, Boolean result)
   at Microsoft.EntityFrameworkCore.SqlServer.Storage.Internal.SqlServerExecutionStrategy.Execute[TState,TResult](TState state, Func`3 operation, Func`3 verifySucceeded)
   at Microsoft.EntityFrameworkCore.Query.Internal.QueryingEnumerable`1.Enumerator.MoveNext()
   at System.Linq.Enumerable.SingleOrDefault[TSource](IEnumerable`1 source)
   at Microsoft.EntityFrameworkCore.Query.Internal.QueryCompiler.Execute[TResult](Expression query)
   at Microsoft.EntityFrameworkCore.Query.Internal.EntityQueryProvider.Execute[TResult](Expression expression)
   at System.Linq.Queryable.FirstOrDefault[TSource](IQueryable`1 source, Expression`1 predicate)
   at DAL.Repository.Repository`1.FirstOrDefault(Expression`1 predicate) in E:\chatBot\EAChatBot\EmiratesAuctionChateBot\DAL\Repository\Repository.cs:line 51
   at BL.Managers.SessionsManager.UpdateSessionStep(String phone, Nullable`1 step) in E:\chatBot\EAChatBot\EmiratesAuctionChateBot\BL\Managers\Sessions\SessionsManager.cs:line 97
   at EmiratesAuctionChateBot.Controllers.ChatBotController.ChatBot(String authToken, String auctionId, String phone, Boolean firstCall, Boolean isEnd) in E:\chatBot\EAChatBot\EmiratesAuctionChateBot\EmiratesAuctionChateBot\Controllers\ChatBotController.cs:line 141
2020-10-12 16:36:23,343 [37] ERROR Helpers.LogHelper - Exception Msg: Login failed for user 'ARABIANSYSTEMS\a.thabet'.
2020-10-12 16:36:23,343 [37] ERROR Helpers.LogHelper - Exception StackTrace:    at Microsoft.Data.SqlClient.SqlInternalConnection.OnError(SqlException exception, Boolean breakConnection, Action`1 wrapCloseInAction)
   at Microsoft.Data.SqlClient.TdsParser.ThrowExceptionAndWarning(TdsParserStateObject stateObj, Boolean callerHasConnectionLock, Boolean asyncClose)
   at Microsoft.Data.SqlClient.TdsParser.TryRun(RunBehavior runBehavior, SqlCommand cmdHandler, SqlDataReader dataStream, BulkCopySimpleResultSet bulkCopyHandler, TdsParserStateObject stateObj, Boolean& dataReady)
   at Microsoft.Data.SqlClient.TdsParser.Run(RunBehavior runBehavior, SqlCommand cmdHandler, SqlDataReader dataStream, BulkCopySimpleResultSet bulkCopyHandler, TdsParserStateObject stateObj)
   at Microsoft.Data.SqlClient.SqlInternalConnectionTds.CompleteLogin(Boolean enlistOK)
   at Microsoft.Data.SqlClient.SqlInternalConnectionTds.AttemptOneLogin(ServerInfo serverInfo, String newPassword, SecureString newSecurePassword, Boolean ignoreSniOpenTimeout, TimeoutTimer timeout, Boolean withFailover)
   at Microsoft.Data.SqlClient.SqlInternalConnectionTds.LoginNoFailover(ServerInfo serverInfo, String newPassword, SecureString newSecurePassword, Boolean redirectedUserInstance, SqlConnectionString connectionOptions, SqlCredential credential, TimeoutTimer timeout)
   at Microsoft.Data.SqlClient.SqlInternalConnectionTds.OpenLoginEnlist(TimeoutTimer timeout, SqlConnectionString connectionOptions, SqlCredential credential, String newPassword, SecureString newSecurePassword, Boolean redirectedUserInstance)
   at Microsoft.Data.SqlClient.SqlInternalConnectionTds..ctor(DbConnectionPoolIdentity identity, SqlConnectionString connectionOptions, SqlCredential credential, Object providerInfo, String newPassword, SecureString newSecurePassword, Boolean redirectedUserInstance, SqlConnectionString userConnectionOptions, SessionData reconnectSessionData, Boolean applyTransientFaultHandling, String accessToken, DbConnectionPool pool, SqlAuthenticationProviderManager sqlAuthProviderManager)
   at Microsoft.Data.SqlClient.SqlConnectionFactory.CreateConnection(DbConnectionOptions options, DbConnectionPoolKey poolKey, Object poolGroupProviderInfo, DbConnectionPool pool, DbConnection owningConnection, DbConnectionOptions userOptions)
   at Microsoft.Data.ProviderBase.DbConnectionFactory.CreatePooledConnection(DbConnectionPool pool, DbConnection owningObject, DbConnectionOptions options, DbConnectionPoolKey poolKey, DbConnectionOptions userOptions)
   at Microsoft.Data.ProviderBase.DbConnectionPool.CreateObject(DbConnection owningObject, DbConnectionOptions userOptions, DbConnectionInternal oldConnection)
   at Microsoft.Data.ProviderBase.DbConnectionPool.UserCreateRequest(DbConnection owningObject, DbConnectionOptions userOptions, DbConnectionInternal oldConnection)
   at Microsoft.Data.ProviderBase.DbConnectionPool.TryGetConnection(DbConnection owningObject, UInt32 waitForMultipleObjectsTimeout, Boolean allowCreate, Boolean onlyOneCheckConnection, DbConnectionOptions userOptions, DbConnectionInternal& connection)
   at Microsoft.Data.ProviderBase.DbConnectionPool.TryGetConnection(DbConnection owningObject, TaskCompletionSource`1 retry, DbConnectionOptions userOptions, DbConnectionInternal& connection)
   at Microsoft.Data.ProviderBase.DbConnectionFactory.TryGetConnection(DbConnection owningConnection, TaskCompletionSource`1 retry, DbConnectionOptions userOptions, DbConnectionInternal oldConnection, DbConnectionInternal& connection)
   at Microsoft.Data.ProviderBase.DbConnectionInternal.TryOpenConnectionInternal(DbConnection outerConnection, DbConnectionFactory connectionFactory, TaskCompletionSource`1 retry, DbConnectionOptions userOptions)
   at Microsoft.Data.ProviderBase.DbConnectionClosed.TryOpenConnection(DbConnection outerConnection, DbConnectionFactory connectionFactory, TaskCompletionSource`1 retry, DbConnectionOptions userOptions)
   at Microsoft.Data.SqlClient.SqlConnection.TryOpen(TaskCompletionSource`1 retry)
   at Microsoft.Data.SqlClient.SqlConnection.Open()
   at Microsoft.EntityFrameworkCore.Storage.RelationalConnection.OpenDbConnection(Boolean errorsExpected)
   at Microsoft.EntityFrameworkCore.Storage.RelationalConnection.Open(Boolean errorsExpected)
   at Microsoft.EntityFrameworkCore.Storage.RelationalCommand.ExecuteReader(RelationalCommandParameterObject parameterObject)
   at Microsoft.EntityFrameworkCore.Query.Internal.QueryingEnumerable`1.Enumerator.InitializeReader(DbContext _, Boolean result)
   at Microsoft.EntityFrameworkCore.SqlServer.Storage.Internal.SqlServerExecutionStrategy.Execute[TState,TResult](TState state, Func`3 operation, Func`3 verifySucceeded)
   at Microsoft.EntityFrameworkCore.Query.Internal.QueryingEnumerable`1.Enumerator.MoveNext()
   at System.Linq.Enumerable.SingleOrDefault[TSource](IEnumerable`1 source)
   at Microsoft.EntityFrameworkCore.Query.Internal.QueryCompiler.Execute[TResult](Expression query)
   at Microsoft.EntityFrameworkCore.Query.Internal.EntityQueryProvider.Execute[TResult](Expression expression)
   at System.Linq.Queryable.FirstOrDefault[TSource](IQueryable`1 source, Expression`1 predicate)
   at DAL.Repository.Repository`1.FirstOrDefault(Expression`1 predicate) in E:\chatBot\EAChatBot\EmiratesAuctionChateBot\DAL\Repository\Repository.cs:line 51
   at BL.Managers.SessionsManager.SetSession(String phone, String sessionId) in E:\chatBot\EAChatBot\EmiratesAuctionChateBot\BL\Managers\Sessions\SessionsManager.cs:line 57
2020-10-13 10:55:13,434 [28] ERROR Helpers.LogHelper - Exception Msg: The given key '201066345489' was not present in the dictionary.
2020-10-13 10:55:13,440 [28] ERROR Helpers.LogHelper - Exception StackTrace:    at System.Collections.Generic.Dictionary`2.get_Item(TKey key)
   at EmiratesAuctionChateBot.Helpers.WatsonHelper.Consume(String phone, String Text, Boolean isStart, Boolean isNormalChat) in E:\chatBot\EAChatBot\EmiratesAuctionChateBot\EmiratesAuctionChateBot\Helpers\WatsonHelper.cs:line 56
   at EmiratesAuctionChateBot.Controllers.ChatBotController.ChatBot(Object data) in E:\chatBot\EAChatBot\EmiratesAuctionChateBot\EmiratesAuctionChateBot\Controllers\ChatBotController.cs:line 246
2020-10-13 10:58:02,719 [16] ERROR Helpers.LogHelper - Exception Msg: The given key '201066345489' was not present in the dictionary.
2020-10-13 10:58:02,725 [16] ERROR Helpers.LogHelper - Exception StackTrace:    at System.Collections.Generic.Dictionary`2.get_Item(TKey key)
   at EmiratesAuctionChateBot.Helpers.WatsonHelper.Consume(String phone, String Text, Boolean isStart, Boolean isNormalChat) in E:\chatBot\EAChatBot\EmiratesAuctionChateBot\EmiratesAuctionChateBot\Helpers\WatsonHelper.cs:line 56
   at EmiratesAuctionChateBot.Controllers.ChatBotController.ChatBot(Object data) in E:\chatBot\EAChatBot\EmiratesAuctionChateBot\EmiratesAuctionChateBot\Controllers\ChatBotController.cs:line 250
2020-10-13 11:00:11,073 [8] ERROR Helpers.LogHelper - Exception Msg: The given key '201066345489' was not present in the dictionary.
2020-10-13 11:00:11,080 [8] ERROR Helpers.LogHelper - Exception StackTrace:    at System.Collections.Generic.Dictionary`2.get_Item(TKey key)
   at EmiratesAuctionChateBot.Helpers.WatsonHelper.Consume(String phone, String Text, Boolean isStart, Boolean isNormalChat) in E:\chatBot\EAChatBot\EmiratesAuctionChateBot\EmiratesAuctionChateBot\Helpers\WatsonHelper.cs:line 56
   at EmiratesAuctionChateBot.Controllers.ChatBotController.ChatBot(Object data) in E:\chatBot\EAChatBot\EmiratesAuctionChateBot\EmiratesAuctionChateBot\Controllers\ChatBotController.cs:line 250
2020-10-13 12:29:08,908 [21] ERROR Helpers.LogHelper - Exception Msg: Index was out of range. Must be non-negative and less than the size of the collection. (Parameter 'index')
2020-10-13 12:29:08,914 [21] ERROR Helpers.LogHelper - Exception StackTrace:    at System.Collections.Generic.List`1.get_Item(Int32 index)
   at EmiratesAuctionChateBot.Helpers.WatsonHelper.GetChoises(String message) in E:\chatBot\EAChatBot\EmiratesAuctionChateBot\EmiratesAuctionChateBot\Helpers\WatsonHelper.cs:line 133
   at EmiratesAuctionChateBot.Controllers.ChatBotController.ChatBot(Object data) in E:\chatBot\EAChatBot\EmiratesAuctionChateBot\EmiratesAuctionChateBot\Controllers\ChatBotController.cs:line 259
2020-10-13 12:30:03,543 [25] ERROR Helpers.LogHelper - Exception Msg: Index was out of range. Must be non-negative and less than the size of the collection. (Parameter 'index')
2020-10-13 12:30:03,544 [25] ERROR Helpers.LogHelper - Exception StackTrace:    at System.Collections.Generic.List`1.get_Item(Int32 index)
   at EmiratesAuctionChateBot.Helpers.WatsonHelper.GetChoises(String message) in E:\chatBot\EAChatBot\EmiratesAuctionChateBot\EmiratesAuctionChateBot\Helpers\WatsonHelper.cs:line 133
   at EmiratesAuctionChateBot.Controllers.ChatBotController.ChatBot(Object data) in E:\chatBot\EAChatBot\EmiratesAuctionChateBot\EmiratesAuctionChateBot\Controllers\ChatBotController.cs:line 259
2020-10-13 12:49:27,138 [15] ERROR Helpers.LogHelper - Exception Msg: Length cannot be less than zero. (Parameter 'length')
2020-10-13 12:49:27,144 [15] ERROR Helpers.LogHelper - Exception StackTrace:    at System.String.Substring(Int32 startIndex, Int32 length)
   at EmiratesAuctionChateBot.Helpers.WatsonHelper.GetChoises(String message) in E:\chatBot\EAChatBot\EmiratesAuctionChateBot\EmiratesAuctionChateBot\Helpers\WatsonHelper.cs:line 140
   at EmiratesAuctionChateBot.Controllers.ChatBotController.ChatBot(Object data) in E:\chatBot\EAChatBot\EmiratesAuctionChateBot\EmiratesAuctionChateBot\Controllers\ChatBotController.cs:line 259
2020-10-13 12:52:53,316 [12] ERROR Helpers.LogHelper - Exception Msg: Length cannot be less than zero. (Parameter 'length')
2020-10-13 12:52:53,323 [12] ERROR Helpers.LogHelper - Exception StackTrace:    at System.String.Substring(Int32 startIndex, Int32 length)
   at EmiratesAuctionChateBot.Helpers.WatsonHelper.GetChoises(String message) in E:\chatBot\EAChatBot\EmiratesAuctionChateBot\EmiratesAuctionChateBot\Helpers\WatsonHelper.cs:line 140
   at EmiratesAuctionChateBot.Controllers.ChatBotController.ChatBot(Object data) in E:\chatBot\EAChatBot\EmiratesAuctionChateBot\EmiratesAuctionChateBot\Controllers\ChatBotController.cs:line 259
2020-10-13 13:07:14,419 [23] ERROR Helpers.LogHelper - Exception Msg: Length cannot be less than zero. (Parameter 'length')
2020-10-13 13:07:14,425 [23] ERROR Helpers.LogHelper - Exception StackTrace:    at System.String.Substring(Int32 startIndex, Int32 length)
   at EmiratesAuctionChateBot.Helpers.WatsonHelper.GetChoises(String message) in E:\chatBot\EAChatBot\EmiratesAuctionChateBot\EmiratesAuctionChateBot\Helpers\WatsonHelper.cs:line 141
   at EmiratesAuctionChateBot.Controllers.ChatBotController.ChatBot(Object data) in E:\chatBot\EAChatBot\EmiratesAuctionChateBot\EmiratesAuctionChateBot\Controllers\ChatBotController.cs:line 259
2020-10-13 13:10:32,821 [10] ERROR Helpers.LogHelper - Exception Msg: Length cannot be less than zero. (Parameter 'length')
2020-10-13 13:10:32,828 [10] ERROR Helpers.LogHelper - Exception StackTrace:    at System.String.Substring(Int32 startIndex, Int32 length)
   at EmiratesAuctionChateBot.Helpers.WatsonHelper.GetChoises(String message) in E:\chatBot\EAChatBot\EmiratesAuctionChateBot\EmiratesAuctionChateBot\Helpers\WatsonHelper.cs:line 141
   at EmiratesAuctionChateBot.Controllers.ChatBotController.ChatBot(Object data) in E:\chatBot\EAChatBot\EmiratesAuctionChateBot\EmiratesAuctionChateBot\Controllers\ChatBotController.cs:line 259
2020-10-14 11:29:36,302 [14] ERROR Helpers.LogHelper - Exception Msg: Value cannot be null. (Parameter 'key')
2020-10-14 11:29:36,316 [14] ERROR Helpers.LogHelper - Exception StackTrace:    at System.Collections.Generic.Dictionary`2.TryInsert(TKey key, TValue value, InsertionBehavior behavior)
   at System.Collections.Generic.Dictionary`2.set_Item(TKey key, TValue value)
   at EmiratesAuctionChateBot.Controllers.ChatBotController.ChatBot(String authToken, String auctionId, String phone, Boolean firstCall, Boolean isEnd) in E:\chatBot\EAChatBot\EmiratesAuctionChateBot\EmiratesAuctionChateBot\Controllers\ChatBotController.cs:line 75
2020-10-14 11:29:52,045 [15] ERROR Helpers.LogHelper - Exception Msg: Value cannot be null. (Parameter 'key')
2020-10-14 11:29:52,045 [15] ERROR Helpers.LogHelper - Exception StackTrace:    at System.Collections.Generic.Dictionary`2.TryInsert(TKey key, TValue value, InsertionBehavior behavior)
   at System.Collections.Generic.Dictionary`2.set_Item(TKey key, TValue value)
   at EmiratesAuctionChateBot.Controllers.ChatBotController.ChatBot(String authToken, String auctionId, String phone, Boolean firstCall, Boolean isEnd) in E:\chatBot\EAChatBot\EmiratesAuctionChateBot\EmiratesAuctionChateBot\Controllers\ChatBotController.cs:line 75
2020-10-14 11:50:52,386 [6] ERROR Helpers.LogHelper - Exception Msg: One or more errors occurred. (The API query failed with status code NotFound: Not Found | x-global-transaction-id: 121c8356-a289-4fc1-aab2-5f639c32679a | error: {"code":404,"error":"Invalid Session"}) (The API query failed with status code NotFound: Not Found | x-global-transaction-id: 121c8356-a289-4fc1-aab2-5f639c32679a | error: {"code":404,"error":"Invalid Session"})
2020-10-14 11:50:52,392 [6] ERROR Helpers.LogHelper - Exception StackTrace:    at IBM.Watson.Assistant.v2.AssistantService.Message(String assistantId, String sessionId, MessageInput input, MessageContext context)
   at EmiratesAuctionChateBot.Helpers.WatsonHelper.Consume(String phone, String Text, Boolean isStart, Boolean isNormalChat) in E:\chatBot\EAChatBot\EmiratesAuctionChateBot\EmiratesAuctionChateBot\Helpers\WatsonHelper.cs:line 78
2020-10-14 11:50:52,394 [6] ERROR Helpers.LogHelper - Exception Msg: The API query failed with status code NotFound: Not Found | x-global-transaction-id: 121c8356-a289-4fc1-aab2-5f639c32679a | error: {"code":404,"error":"Invalid Session"}
2020-10-14 11:50:52,394 [6] ERROR Helpers.LogHelper - Exception StackTrace:    at IBM.Cloud.SDK.Core.Http.Filters.ErrorFilter.OnResponse(IResponse response, HttpResponseMessage responseMessage)
   at IBM.Cloud.SDK.Core.Http.Request.GetResponse(Task`1 request)
   at IBM.Cloud.SDK.Core.Http.Request.AsMessage()
   at IBM.Cloud.SDK.Core.Http.Request.As[T]()
2020-10-14 11:52:36,725 [19] ERROR Helpers.LogHelper - Exception Msg: Length cannot be less than zero. (Parameter 'length')
2020-10-14 11:52:36,726 [19] ERROR Helpers.LogHelper - Exception StackTrace:    at System.String.Substring(Int32 startIndex, Int32 length)
   at EmiratesAuctionChateBot.Helpers.WatsonHelper.GetChoises(String message) in E:\chatBot\EAChatBot\EmiratesAuctionChateBot\EmiratesAuctionChateBot\Helpers\WatsonHelper.cs:line 141
   at EmiratesAuctionChateBot.Controllers.ChatBotController.ChatBot(Object data) in E:\chatBot\EAChatBot\EmiratesAuctionChateBot\EmiratesAuctionChateBot\Controllers\ChatBotController.cs:line 259
2020-10-14 11:57:37,326 [23] ERROR Helpers.LogHelper - Exception Msg: Object reference not set to an instance of an object.
2020-10-14 11:57:37,332 [23] ERROR Helpers.LogHelper - Exception StackTrace:    at EmiratesAuctionChateBot.Helpers.WatsonHelper.GetChoises(String message) in E:\chatBot\EAChatBot\EmiratesAuctionChateBot\EmiratesAuctionChateBot\Helpers\WatsonHelper.cs:line 127
   at EmiratesAuctionChateBot.Controllers.ChatBotController.ChatBot(Object data) in E:\chatBot\EAChatBot\EmiratesAuctionChateBot\EmiratesAuctionChateBot\Controllers\ChatBotController.cs:line 259
2020-10-14 12:00:22,583 [35] ERROR Helpers.LogHelper - Exception Msg: Length cannot be less than zero. (Parameter 'length')
2020-10-14 12:00:22,583 [35] ERROR Helpers.LogHelper - Exception StackTrace:    at System.String.Substring(Int32 startIndex, Int32 length)
   at EmiratesAuctionChateBot.Helpers.WatsonHelper.GetChoises(String message) in E:\chatBot\EAChatBot\EmiratesAuctionChateBot\EmiratesAuctionChateBot\Helpers\WatsonHelper.cs:line 141
   at EmiratesAuctionChateBot.Controllers.ChatBotController.ChatBot(Object data) in E:\chatBot\EAChatBot\EmiratesAuctionChateBot\EmiratesAuctionChateBot\Controllers\ChatBotController.cs:line 259
2020-10-14 13:31:38,639 [17] ERROR Helpers.LogHelper - Exception Msg: One or more errors occurred. (The API query failed with status code NotFound: Not Found | x-global-transaction-id: 5893a603-c4e5-4b65-905f-3e18fc665ea6 | error: {"code":404,"error":"Invalid Session"}) (The API query failed with status code NotFound: Not Found | x-global-transaction-id: 5893a603-c4e5-4b65-905f-3e18fc665ea6 | error: {"code":404,"error":"Invalid Session"})
2020-10-14 13:31:38,645 [17] ERROR Helpers.LogHelper - Exception StackTrace:    at IBM.Watson.Assistant.v2.AssistantService.Message(String assistantId, String sessionId, MessageInput input, MessageContext context)
   at EmiratesAuctionChateBot.Helpers.WatsonHelper.Consume(String phone, String Text, Boolean isStart, Boolean isNormalChat) in E:\chatBot\EAChatBot\EmiratesAuctionChateBot\EmiratesAuctionChateBot\Helpers\WatsonHelper.cs:line 78
2020-10-14 13:31:42,125 [17] ERROR Helpers.LogHelper - Exception Msg: The API query failed with status code NotFound: Not Found | x-global-transaction-id: 5893a603-c4e5-4b65-905f-3e18fc665ea6 | error: {"code":404,"error":"Invalid Session"}
2020-10-14 13:31:42,125 [17] ERROR Helpers.LogHelper - Exception StackTrace:    at IBM.Cloud.SDK.Core.Http.Filters.ErrorFilter.OnResponse(IResponse response, HttpResponseMessage responseMessage)
   at IBM.Cloud.SDK.Core.Http.Request.GetResponse(Task`1 request)
   at IBM.Cloud.SDK.Core.Http.Request.AsMessage()
   at IBM.Cloud.SDK.Core.Http.Request.As[T]()
2020-10-14 13:31:43,916 [17] ERROR Helpers.LogHelper - Exception Msg: Index was out of range. Must be non-negative and less than the size of the collection. (Parameter 'index')
2020-10-14 13:31:43,916 [17] ERROR Helpers.LogHelper - Exception StackTrace:    at System.Collections.Generic.List`1.get_Item(Int32 index)
   at EmiratesAuctionChateBot.Controllers.ChatBotController.ChatBot(Object data) in E:\chatBot\EAChatBot\EmiratesAuctionChateBot\EmiratesAuctionChateBot\Controllers\ChatBotController.cs:line 253
2020-10-14 13:32:46,107 [13] ERROR Helpers.LogHelper - Exception Msg: Index was out of range. Must be non-negative and less than the size of the collection. (Parameter 'index')
2020-10-14 13:32:46,114 [13] ERROR Helpers.LogHelper - Exception StackTrace:    at System.Collections.Generic.List`1.get_Item(Int32 index)
   at EmiratesAuctionChateBot.Controllers.ChatBotController.ChatBot(Object data) in E:\chatBot\EAChatBot\EmiratesAuctionChateBot\EmiratesAuctionChateBot\Controllers\ChatBotController.cs:line 253
